==30596== Memcheck, a memory error detector
==30596== Copyright (C) 2002-2013, and GNU GPL'd, by Julian Seward et al.
==30596== Using Valgrind-3.10.1 and LibVEX; rerun with -h for copyright info
==30596== Command: /usr/local/MATLAB/R2015a/bin/glnxa64/MATLAB -nosplash -r fullMat top -nojvm
==30596== Parent PID: 2974
==30596== 
--30596-- 
--30596-- Valgrind options:
--30596--    --error-limit=no
--30596--    --tool=memcheck
--30596--    -v
--30596--    --log-file=valgrind.log
--30596-- Contents of /proc/version:
--30596--   Linux version 3.13.0-45-generic (buildd@phianna) (gcc version 4.8.2 (Ubuntu 4.8.2-19ubuntu1) ) #74-Ubuntu SMP Tue Jan 13 19:36:28 UTC 2015
--30596-- Arch and hwcaps: AMD64, LittleEndian, amd64-cx16-lzcnt-rdtscp-sse3-avx-avx2-bmi
--30596-- Page sizes: currently 4096, max supported 4096
--30596-- Valgrind library directory: /usr/lib/valgrind
--30596-- Reading syms from /usr/local/MATLAB/R2015a/bin/glnxa64/MATLAB
--30596--    object doesn't have a symbol table
--30596-- Reading syms from /lib/x86_64-linux-gnu/ld-2.19.so
--30596--   Considering /lib/x86_64-linux-gnu/ld-2.19.so ..
--30596--   .. CRC mismatch (computed 4cbae35e wanted 8d683c31)
--30596--   Considering /usr/lib/debug/lib/x86_64-linux-gnu/ld-2.19.so ..
--30596--   .. CRC is valid
--30596-- Reading syms from /usr/lib/valgrind/memcheck-amd64-linux
--30596--   Considering /usr/lib/valgrind/memcheck-amd64-linux ..
--30596--   .. CRC mismatch (computed 4f1eed43 wanted a323a3ab)
--30596--    object doesn't have a symbol table
--30596--    object doesn't have a dynamic symbol table
--30596-- Scheduler: using generic scheduler lock implementation.
--30596-- Reading suppressions file: /usr/lib/valgrind/default.supp
==30596== embedded gdbserver: reading from /tmp/vgdb-pipe-from-vgdb-to-30596-by-suriya-local-on-???
==30596== embedded gdbserver: writing to   /tmp/vgdb-pipe-to-vgdb-from-30596-by-suriya-local-on-???
==30596== embedded gdbserver: shared mem   /tmp/vgdb-pipe-shared-mem-vgdb-30596-by-suriya-local-on-???
==30596== 
==30596== TO CONTROL THIS PROCESS USING vgdb (which you probably
==30596== don't want to do, unless you know exactly what you're doing,
==30596== or are doing some strange experiment):
==30596==   /usr/lib/valgrind/../../bin/vgdb --pid=30596 ...command...
==30596== 
==30596== TO DEBUG THIS PROCESS USING GDB: start GDB like this
==30596==   /path/to/gdb /usr/local/MATLAB/R2015a/bin/glnxa64/MATLAB
==30596== and then give GDB the following command
==30596==   target remote | /usr/lib/valgrind/../../bin/vgdb --pid=30596
==30596== --pid is optional if only one valgrind process is running
==30596== 
--30596-- REDIR: 0x4019ca0 (ld-linux-x86-64.so.2:strlen) redirected to 0x380764b1 (???)
--30596-- Reading syms from /usr/lib/valgrind/vgpreload_core-amd64-linux.so
--30596--   Considering /usr/lib/valgrind/vgpreload_core-amd64-linux.so ..
--30596--   .. CRC mismatch (computed fc68135e wanted 45f5e986)
--30596--    object doesn't have a symbol table
--30596-- Reading syms from /usr/lib/valgrind/vgpreload_memcheck-amd64-linux.so
--30596--   Considering /usr/lib/valgrind/vgpreload_memcheck-amd64-linux.so ..
--30596--   .. CRC mismatch (computed ae683f7e wanted 08c06df2)
--30596--    object doesn't have a symbol table
==30596== WARNING: new redirection conflicts with existing -- ignoring it
--30596--     old: 0x04019ca0 (strlen              ) R-> (0000.0) 0x380764b1 ???
--30596--     new: 0x04019ca0 (strlen              ) R-> (2007.0) 0x04c2e1a0 strlen
--30596-- REDIR: 0x4019a50 (ld-linux-x86-64.so.2:index) redirected to 0x4c2dd50 (index)
--30596-- REDIR: 0x4019c70 (ld-linux-x86-64.so.2:strcmp) redirected to 0x4c2f2f0 (strcmp)
--30596-- REDIR: 0x401a9c0 (ld-linux-x86-64.so.2:mempcpy) redirected to 0x4c31da0 (mempcpy)
--30596-- Reading syms from /usr/local/MATLAB/R2015a/bin/glnxa64/libut.so
--30596--    object doesn't have a symbol table
--30596-- Reading syms from /usr/local/MATLAB/R2015a/bin/glnxa64/libmwfl.so
--30596--    object doesn't have a symbol table
--30596-- Reading syms from /usr/local/MATLAB/R2015a/bin/glnxa64/libmx.so
--30596--    object doesn't have a symbol table
--30596-- Reading syms from /usr/local/MATLAB/R2015a/bin/glnxa64/libmwservices.so
--30596--    object doesn't have a symbol table
--30596-- Reading syms from /usr/local/MATLAB/R2015a/bin/glnxa64/libmwi18n.so
--30596--    object doesn't have a symbol table
--30596-- Reading syms from /usr/local/MATLAB/R2015a/bin/glnxa64/libmwmcr.so
--30596--    object doesn't have a symbol table
--30596-- Reading syms from /usr/local/MATLAB/R2015a/bin/glnxa64/libmwmvm.so
--30596--    object doesn't have a symbol table
--30596-- Reading syms from /usr/local/MATLAB/R2015a/bin/glnxa64/libmwcpp11compat.so
--30596-- Reading syms from /usr/local/MATLAB/R2015a/sys/os/glnxa64/libstdc++.so.6.0.17
--30596-- Reading syms from /lib/x86_64-linux-gnu/libm-2.19.so
--30596--   Considering /lib/x86_64-linux-gnu/libm-2.19.so ..
--30596--   .. CRC mismatch (computed a46ef660 wanted 767bfa33)
--30596--   Considering /usr/lib/debug/lib/x86_64-linux-gnu/libm-2.19.so ..
--30596--   .. CRC is valid
--30596-- Reading syms from /usr/local/MATLAB/R2015a/sys/os/glnxa64/libgcc_s.so.1
--30596-- Reading syms from /lib/x86_64-linux-gnu/libpthread-2.19.so
--30596--   Considering /lib/x86_64-linux-gnu/libpthread-2.19.so ..
--30596--   .. CRC mismatch (computed d568bf33 wanted fb00d679)
--30596--   Considering /usr/lib/debug/lib/x86_64-linux-gnu/libpthread-2.19.so ..
--30596--   .. CRC is valid
--30596-- Reading syms from /lib/x86_64-linux-gnu/libc-2.19.so
--30596--   Considering /lib/x86_64-linux-gnu/libc-2.19.so ..
--30596--   .. CRC mismatch (computed dc620abc wanted 148cbd6e)
--30596--   Considering /usr/lib/debug/lib/x86_64-linux-gnu/libc-2.19.so ..
--30596--   .. CRC is valid
--30596-- REDIR: 0x401ab10 (ld-linux-x86-64.so.2:stpcpy) redirected to 0x4c31120 (stpcpy)
--30596-- Reading syms from /lib/x86_64-linux-gnu/librt-2.19.so
--30596--   Considering /lib/x86_64-linux-gnu/librt-2.19.so ..
--30596--   .. CRC mismatch (computed aa86d720 wanted d04e3800)
--30596--   Considering /usr/lib/debug/lib/x86_64-linux-gnu/librt-2.19.so ..
--30596--   .. CRC is valid
--30596-- Reading syms from /usr/local/MATLAB/R2015a/bin/glnxa64/libmwresource_core.so
--30596--    object doesn't have a symbol table
--30596-- Reading syms from /usr/local/MATLAB/R2015a/bin/glnxa64/libmwMATLAB_res.so
--30596--    object doesn't have a symbol table
--30596-- Reading syms from /lib/x86_64-linux-gnu/libdl-2.19.so
--30596--   Considering /lib/x86_64-linux-gnu/libdl-2.19.so ..
--30596--   .. CRC mismatch (computed c1315e8c wanted 37097b60)
--30596--   Considering /usr/lib/debug/lib/x86_64-linux-gnu/libdl-2.19.so ..
--30596--   .. CRC is valid
--30596-- Reading syms from /usr/local/MATLAB/R2015a/bin/glnxa64/libboost_date_time.so.1.49.0
--30596--    object doesn't have a symbol table
--30596-- Reading syms from /usr/local/MATLAB/R2015a/bin/glnxa64/libboost_filesystem.so.1.49.0
--30596--    object doesn't have a symbol table
--30596-- Reading syms from /usr/local/MATLAB/R2015a/bin/glnxa64/libboost_log.so.1.49.0
--30596--    object doesn't have a symbol table
--30596-- Reading syms from /usr/local/MATLAB/R2015a/bin/glnxa64/libboost_system.so.1.49.0
--30596--    object doesn't have a symbol table
--30596-- Reading syms from /usr/local/MATLAB/R2015a/bin/glnxa64/libboost_thread.so.1.49.0
--30596--    object doesn't have a symbol table
--30596-- Reading syms from /usr/local/MATLAB/R2015a/bin/glnxa64/libexpat.so.1.5.0
--30596-- Reading syms from /usr/local/MATLAB/R2015a/bin/glnxa64/libicudata.so.52.1
--30596-- Reading syms from /usr/local/MATLAB/R2015a/bin/glnxa64/libicuuc.so.52.1
--30596-- Reading syms from /usr/local/MATLAB/R2015a/bin/glnxa64/libicui18n.so.52.1
--30596-- Reading syms from /usr/local/MATLAB/R2015a/bin/glnxa64/libicuio.so.52.1
--30596-- Reading syms from /usr/local/MATLAB/R2015a/bin/glnxa64/libtbb.so.2
--30596-- Reading syms from /usr/local/MATLAB/R2015a/bin/glnxa64/libtbbmalloc.so.2
--30596-- Reading syms from /lib/x86_64-linux-gnu/libcrypt-2.19.so
--30596--   Considering /lib/x86_64-linux-gnu/libcrypt-2.19.so ..
--30596--   .. CRC mismatch (computed 9558285e wanted ec70842c)
--30596--   Considering /usr/lib/debug/lib/x86_64-linux-gnu/libcrypt-2.19.so ..
--30596--   .. CRC is valid
--30596-- Reading syms from /usr/local/MATLAB/R2015a/bin/glnxa64/libboost_chrono.so.1.49.0
--30596--    object doesn't have a symbol table
--30596-- Reading syms from /usr/local/MATLAB/R2015a/bin/glnxa64/libboost_regex.so.1.49.0
--30596--    object doesn't have a symbol table
--30596-- Reading syms from /usr/local/MATLAB/R2015a/bin/glnxa64/libboost_serialization.so.1.49.0
--30596--    object doesn't have a symbol table
--30596-- Reading syms from /usr/local/MATLAB/R2015a/bin/glnxa64/libboost_signals.so.1.49.0
--30596--    object doesn't have a symbol table
--30596-- Reading syms from /usr/local/MATLAB/R2015a/bin/glnxa64/libunwind.so.8.0.1
--30596-- Reading syms from /lib/x86_64-linux-gnu/libz.so.1.2.8
--30596--    object doesn't have a symbol table
--30596-- Reading syms from /usr/local/MATLAB/R2015a/bin/glnxa64/libmwdisplay_device.so
--30596--    object doesn't have a symbol table
--30596-- Reading syms from /usr/local/MATLAB/R2015a/bin/glnxa64/libmwregexp.so
--30596--    object doesn't have a symbol table
--30596-- Reading syms from /usr/local/MATLAB/R2015a/bin/glnxa64/libmwmpath.so
--30596--    object doesn't have a symbol table
--30596-- Reading syms from /usr/local/MATLAB/R2015a/bin/glnxa64/libmwmlutil.so
--30596--    object doesn't have a symbol table
--30596-- Reading syms from /usr/local/MATLAB/R2015a/bin/glnxa64/libmwsettingscore.so
--30596--    object doesn't have a symbol table
--30596-- Reading syms from /usr/local/MATLAB/R2015a/bin/glnxa64/libmwms.so
--30596--    object doesn't have a symbol table
--30596-- Reading syms from /usr/local/MATLAB/R2015a/bin/glnxa64/libmwMATLAB_settings_res.so
--30596--    object doesn't have a symbol table
--30596-- Reading syms from /usr/local/MATLAB/R2015a/bin/glnxa64/libmwnativedisplay.so
--30596--    object doesn't have a symbol table
--30596-- Reading syms from /usr/local/MATLAB/R2015a/bin/glnxa64/libmwopccore.so
--30596--    object doesn't have a symbol table
--30596-- Reading syms from /usr/local/MATLAB/R2015a/bin/glnxa64/libmwopcmodel.so
--30596--    object doesn't have a symbol table
--30596-- Reading syms from /usr/local/MATLAB/R2015a/bin/glnxa64/libmwopczippackage.so
--30596--    object doesn't have a symbol table
--30596-- Reading syms from /usr/local/MATLAB/R2015a/bin/glnxa64/libmwopcmwservices.so
--30596--    object doesn't have a symbol table
--30596-- Reading syms from /usr/local/MATLAB/R2015a/bin/glnxa64/libboost_iostreams.so.1.49.0
--30596--    object doesn't have a symbol table
--30596-- Reading syms from /lib/x86_64-linux-gnu/libncurses.so.5.9
--30596--   Considering /lib/x86_64-linux-gnu/libncurses.so.5.9 ..
--30596--   .. CRC mismatch (computed 14ea37bc wanted bc1ef551)
--30596--    object doesn't have a symbol table
--30596-- Reading syms from /usr/local/MATLAB/R2015a/bin/glnxa64/libssl.so.1.0.0
--30596-- Reading syms from /usr/local/MATLAB/R2015a/bin/glnxa64/libcrypto.so.1.0.0
--30596-- Reading syms from /usr/local/MATLAB/R2015a/bin/glnxa64/libPocoCrypto.so.23
--30596--    object doesn't have a symbol table
--30596-- Reading syms from /usr/local/MATLAB/R2015a/bin/glnxa64/libPocoFoundation.so.23
--30596--    object doesn't have a symbol table
--30596-- Reading syms from /usr/local/MATLAB/R2015a/bin/glnxa64/libPocoJSON.so.23
--30596--    object doesn't have a symbol table
--30596-- Reading syms from /usr/local/MATLAB/R2015a/bin/glnxa64/libPocoNet.so.23
--30596--    object doesn't have a symbol table
--30596-- Reading syms from /usr/local/MATLAB/R2015a/bin/glnxa64/libPocoNetSSL.so.23
--30596--    object doesn't have a symbol table
--30596-- Reading syms from /usr/local/MATLAB/R2015a/bin/glnxa64/libPocoUtil.so.23
--30596--    object doesn't have a symbol table
--30596-- Reading syms from /usr/local/MATLAB/R2015a/bin/glnxa64/libPocoXML.so.23
--30596--    object doesn't have a symbol table
--30596-- Reading syms from /usr/local/MATLAB/R2015a/bin/glnxa64/libxerces-c-3.1.so
--30596-- Reading syms from /usr/local/MATLAB/R2015a/bin/glnxa64/libmwiqm.so
--30596--    object doesn't have a symbol table
--30596-- Reading syms from /usr/local/MATLAB/R2015a/bin/glnxa64/libmwbridge.so
--30596--    object doesn't have a symbol table
--30596-- Reading syms from /usr/local/MATLAB/R2015a/bin/glnxa64/libmex.so
--30596--    object doesn't have a symbol table
--30596-- Reading syms from /usr/local/MATLAB/R2015a/bin/glnxa64/libmwm_parser.so
--30596--    object doesn't have a symbol table
--30596-- Reading syms from /usr/local/MATLAB/R2015a/bin/glnxa64/libmwm_dispatcher.so
--30596--    object doesn't have a symbol table
--30596-- Reading syms from /usr/local/MATLAB/R2015a/bin/glnxa64/libmwmcos.so
--30596--    object doesn't have a symbol table
--30596-- Reading syms from /usr/local/MATLAB/R2015a/bin/glnxa64/libmwgui.so
--30596--    object doesn't have a symbol table
--30596-- Reading syms from /usr/local/MATLAB/R2015a/bin/glnxa64/libmwm_interpreter.so
--30596--    object doesn't have a symbol table
--30596-- Reading syms from /usr/local/MATLAB/R2015a/bin/glnxa64/libmwm_ir.so
--30596--    object doesn't have a symbol table
--30596-- Reading syms from /usr/local/MATLAB/R2015a/bin/glnxa64/libmwnativedialogs.so
--30596--    object doesn't have a symbol table
--30596-- Reading syms from /usr/local/MATLAB/R2015a/bin/glnxa64/libmwsplashscreen.so
--30596--    object doesn't have a symbol table
--30596-- Reading syms from /usr/local/MATLAB/R2015a/bin/glnxa64/libmwuix.so
--30596--    object doesn't have a symbol table
--30596-- Reading syms from /usr/local/MATLAB/R2015a/bin/glnxa64/libavrocpp.so.1.7.5.0
--30596-- Reading syms from /usr/local/MATLAB/R2015a/bin/glnxa64/libmwxmlcore.so
--30596--    object doesn't have a symbol table
--30596-- Reading syms from /usr/local/MATLAB/R2015a/bin/glnxa64/libmwflnetwork.so
--30596--    object doesn't have a symbol table
--30596-- Reading syms from /usr/local/MATLAB/R2015a/bin/glnxa64/libminizip.so
--30596-- Reading syms from /lib/x86_64-linux-gnu/libtinfo.so.5.9
--30596--   Considering /lib/x86_64-linux-gnu/libtinfo.so.5.9 ..
--30596--   .. CRC mismatch (computed a766b3f6 wanted 5ffaddcc)
--30596--    object doesn't have a symbol table
--30596-- Reading syms from /usr/local/MATLAB/R2015a/bin/glnxa64/libmwlanguage_execution_interfaces.so
--30596--    object doesn't have a symbol table
--30596-- Reading syms from /usr/local/MATLAB/R2015a/bin/glnxa64/libmwudd.so
--30596--    object doesn't have a symbol table
--30596-- Reading syms from /usr/local/MATLAB/R2015a/bin/glnxa64/libmwtabcompletion.so
--30596--    object doesn't have a symbol table
--30596-- Reading syms from /usr/local/MATLAB/R2015a/bin/glnxa64/libmwir_xfmr.so
--30596--    object doesn't have a symbol table
--30596-- Reading syms from /usr/local/MATLAB/R2015a/bin/glnxa64/libmwmtok.so
--30596--    object doesn't have a symbol table
--30596-- Reading syms from /usr/local/MATLAB/R2015a/bin/glnxa64/libmwgraphics_util.so
--30596--    object doesn't have a symbol table
--30596-- Reading syms from /usr/local/MATLAB/R2015a/bin/glnxa64/libmat.so
--30596--    object doesn't have a symbol table
--30596-- Reading syms from /usr/local/MATLAB/R2015a/bin/glnxa64/libmwprofiler.so
--30596--    object doesn't have a symbol table
--30596-- Reading syms from /usr/local/MATLAB/R2015a/bin/glnxa64/libmwmathutil.so
--30596--    object doesn't have a symbol table
--30596-- Reading syms from /usr/local/MATLAB/R2015a/bin/glnxa64/libmwmathrng.so
--30596--    object doesn't have a symbol table
--30596-- Reading syms from /usr/local/MATLAB/R2015a/bin/glnxa64/libmwm_pcodeio.so
--30596--    object doesn't have a symbol table
--30596-- Reading syms from /usr/local/MATLAB/R2015a/bin/glnxa64/libmwm_pcodegen.so
--30596--    object doesn't have a symbol table
--30596-- Reading syms from /usr/local/MATLAB/R2015a/bin/glnxa64/libmwspmatrix.so
--30596--    object doesn't have a symbol table
--30596-- Reading syms from /usr/local/MATLAB/R2015a/bin/glnxa64/libmwmlib.so
--30596--    object doesn't have a symbol table
--30596-- Reading syms from /usr/local/MATLAB/R2015a/bin/glnxa64/libmwplatform_res.so
--30596--    object doesn't have a symbol table
--30596-- Reading syms from /usr/local/MATLAB/R2015a/bin/glnxa64/libmwcoreui_res.so
--30596--    object doesn't have a symbol table
--30596-- Reading syms from /usr/local/MATLAB/R2015a/bin/glnxa64/libpng12.so.0.39.0
--30596-- Reading syms from /usr/lib/x86_64-linux-gnu/libXext.so.6.4.0
--30596--   Considering /usr/lib/x86_64-linux-gnu/libXext.so.6.4.0 ..
--30596--   .. CRC mismatch (computed 52bd6459 wanted a8305e86)
--30596--    object doesn't have a symbol table
--30596-- Reading syms from /usr/lib/x86_64-linux-gnu/libXt.so.6.0.0
--30596--    object doesn't have a symbol table
--30596-- Reading syms from /usr/lib/x86_64-linux-gnu/libX11.so.6.3.0
--30596--   Considering /usr/lib/x86_64-linux-gnu/libX11.so.6.3.0 ..
--30596--   .. CRC mismatch (computed c168660b wanted 161bd255)
--30596--    object doesn't have a symbol table
--30596-- Reading syms from /usr/local/MATLAB/R2015a/bin/glnxa64/libmwhardcopy.so
--30596--    object doesn't have a symbol table
--30596-- Reading syms from /usr/local/MATLAB/R2015a/bin/glnxa64/libmwuinone.so
--30596--    object doesn't have a symbol table
--30596-- Reading syms from /usr/local/MATLAB/R2015a/bin/glnxa64/libboost_program_options.so.1.49.0
--30596--    object doesn't have a symbol table
--30596-- Reading syms from /usr/local/MATLAB/R2015a/bin/glnxa64/libtex_base.so
--30596-- Reading syms from /usr/local/MATLAB/R2015a/bin/glnxa64/libhdf5_hl.so.8.0.1
--30596-- Reading syms from /usr/local/MATLAB/R2015a/bin/glnxa64/libhdf5.so.8.0.1
--30596-- Reading syms from /usr/local/MATLAB/R2015a/bin/glnxa64/libmwmfl_rng.so
--30596--    object doesn't have a symbol table
--30596-- Reading syms from /usr/local/MATLAB/R2015a/bin/glnxa64/libmwmathcore.so
--30596--    object doesn't have a symbol table
--30596-- Reading syms from /usr/local/MATLAB/R2015a/bin/glnxa64/libmwdSFMT.so
--30596-- Reading syms from /usr/lib/x86_64-linux-gnu/libSM.so.6.0.1
--30596--   Considering /usr/lib/x86_64-linux-gnu/libSM.so.6.0.1 ..
--30596--   .. CRC mismatch (computed 61ae06da wanted 846458ce)
--30596--    object doesn't have a symbol table
--30596-- Reading syms from /usr/lib/x86_64-linux-gnu/libICE.so.6.3.0
--30596--   Considering /usr/lib/x86_64-linux-gnu/libICE.so.6.3.0 ..
--30596--   .. CRC mismatch (computed af330d05 wanted 8506ebab)
--30596--    object doesn't have a symbol table
--30596-- Reading syms from /usr/lib/x86_64-linux-gnu/libxcb.so.1.1.0
--30596--    object doesn't have a symbol table
--30596-- Reading syms from /usr/local/MATLAB/R2015a/bin/glnxa64/libmwcholmod.so
--30596-- Reading syms from /lib/x86_64-linux-gnu/libuuid.so.1.3.0
--30596--   Considering /lib/x86_64-linux-gnu/libuuid.so.1.3.0 ..
--30596--   .. CRC mismatch (computed d78b8c92 wanted 9285904d)
--30596--    object doesn't have a symbol table
--30596-- Reading syms from /usr/lib/x86_64-linux-gnu/libXau.so.6.0.0
--30596--   Considering /usr/lib/x86_64-linux-gnu/libXau.so.6.0.0 ..
--30596--   .. CRC mismatch (computed 256f5df8 wanted 5d40ac88)
--30596--    object doesn't have a symbol table
--30596-- Reading syms from /usr/lib/x86_64-linux-gnu/libXdmcp.so.6.0.0
--30596--   Considering /usr/lib/x86_64-linux-gnu/libXdmcp.so.6.0.0 ..
--30596--   .. CRC mismatch (computed 15fc4130 wanted a06cb5c7)
--30596--    object doesn't have a symbol table
--30596-- Reading syms from /usr/local/MATLAB/R2015a/bin/glnxa64/libmwamd.so
--30596-- Reading syms from /usr/local/MATLAB/R2015a/bin/glnxa64/libmwcolamd.so
--30596-- Reading syms from /usr/local/MATLAB/R2015a/bin/glnxa64/libmwblas.so
--30596--    object doesn't have a symbol table
--30596-- Reading syms from /usr/local/MATLAB/R2015a/bin/glnxa64/libmwlapack.so
--30596--    object doesn't have a symbol table
--30596-- Reading syms from /usr/local/MATLAB/R2015a/bin/glnxa64/libmwbinder.so
--30596--    object doesn't have a symbol table
--30596-- Reading syms from /usr/local/MATLAB/R2015a/bin/glnxa64/libmwompwrapper.so
--30596--    object doesn't have a symbol table
--30596-- REDIR: 0x7687d60 (libc.so.6:strcasecmp) redirected to 0x4a25720 (_vgnU_ifunc_wrapper)
--30596-- REDIR: 0x768a050 (libc.so.6:strncasecmp) redirected to 0x4a25720 (_vgnU_ifunc_wrapper)
--30596-- REDIR: 0x7687530 (libc.so.6:memcpy@GLIBC_2.2.5) redirected to 0x4a25720 (_vgnU_ifunc_wrapper)
--30596-- REDIR: 0x7682070 (libc.so.6:strcmp) redirected to 0x4a25720 (_vgnU_ifunc_wrapper)
--30596-- REDIR: 0x7686f60 (libc.so.6:bcmp) redirected to 0x4a25720 (_vgnU_ifunc_wrapper)
--30596-- REDIR: 0x76857c0 (libc.so.6:rindex) redirected to 0x4c2da30 (rindex)
--30596-- REDIR: 0x7683ac0 (libc.so.6:strlen) redirected to 0x4c2e0e0 (strlen)
--30596-- REDIR: 0x7686fa0 (libc.so.6:__GI_memcmp) redirected to 0x4c30b80 (__GI_memcmp)
--30596-- REDIR: 0x773b200 (libc.so.6:__strcmp_ssse3) redirected to 0x4c2f1b0 (strcmp)
--30596-- REDIR: 0x6c19a50 (libstdc++.so.6:operator new(unsigned long)) redirected to 0x4c2b070 (operator new(unsigned long))
--30596-- REDIR: 0x774b090 (libc.so.6:__memmove_ssse3_back) redirected to 0x4c2f450 (memcpy@GLIBC_2.2.5)
--30596-- REDIR: 0x767e220 (libc.so.6:calloc) redirected to 0x4c2cbf0 (calloc)
--30596-- REDIR: 0x767d750 (libc.so.6:malloc) redirected to 0x4c2ab10 (malloc)
--30596-- REDIR: 0x6c17d00 (libstdc++.so.6:operator delete(void*)) redirected to 0x4c2c250 (operator delete(void*))
--30596-- REDIR: 0x7683f30 (libc.so.6:__GI_strncmp) redirected to 0x4c2e930 (__GI_strncmp)
--30596-- REDIR: 0x775b060 (libc.so.6:__memcmp_sse4_1) redirected to 0x4c30c00 (__memcmp_sse4_1)
--30596-- REDIR: 0x7681e20 (libc.so.6:index) redirected to 0x4a25720 (_vgnU_ifunc_wrapper)
--30596-- REDIR: 0x7681e50 (libc.so.6:__GI_strchr) redirected to 0x4c2db90 (__GI_strchr)
--30596-- REDIR: 0x767ddf0 (libc.so.6:free) redirected to 0x4c2bd80 (free)
--30596-- REDIR: 0x7683500 (libc.so.6:strcpy) redirected to 0x4a25720 (_vgnU_ifunc_wrapper)
--30596-- REDIR: 0x7697b90 (libc.so.6:__strcpy_sse2_unaligned) redirected to 0x4c2e1c0 (strcpy)
--30596-- REDIR: 0x76875c0 (libc.so.6:memset) redirected to 0x4c31350 (memset)
--30596-- REDIR: 0x7686410 (libc.so.6:__GI_strstr) redirected to 0x4c32030 (__strstr_sse2)
--30596-- REDIR: 0x6c19b60 (libstdc++.so.6:operator new[](unsigned long)) redirected to 0x4c2b790 (operator new[](unsigned long))
--30596-- REDIR: 0x6c17d30 (libstdc++.so.6:operator delete[](void*)) redirected to 0x4c2c7d0 (operator delete[](void*))
--30596-- REDIR: 0x76820b0 (libc.so.6:__GI_strcmp) redirected to 0x4c2f200 (__GI_strcmp)
--30596-- REDIR: 0x7686c10 (libc.so.6:memchr) redirected to 0x4c2f390 (memchr)
--30596-- REDIR: 0x768eac0 (libc.so.6:strchrnul) redirected to 0x4c319b0 (strchrnul)
--30596-- REDIR: 0x768c780 (libc.so.6:__GI_memcpy) redirected to 0x4c2fc90 (__GI_memcpy)
--30596-- REDIR: 0x7636e60 (libc.so.6:setenv) redirected to 0x4c32660 (setenv)
--30596-- REDIR: 0x767def0 (libc.so.6:realloc) redirected to 0x4c2ce10 (realloc)
--30596-- REDIR: 0x7636ec0 (libc.so.6:unsetenv) redirected to 0x4c325c0 (unsetenv)
--30596-- REDIR: 0x7687bf0 (libc.so.6:__GI_stpcpy) redirected to 0x4c30da0 (__GI_stpcpy)
--30596-- REDIR: 0x7685ab0 (libc.so.6:strpbrk) redirected to 0x4a25720 (_vgnU_ifunc_wrapper)
--30596-- REDIR: 0x7737fa0 (libc.so.6:__strpbrk_sse42) redirected to 0x4c32150 (strpbrk)
--30596-- REDIR: 0xffffffffff600400 (???:???) redirected to 0x3807649d (???)
--30596-- REDIR: 0x7683540 (libc.so.6:__GI_strcpy) redirected to 0x4c2e2a0 (__GI_strcpy)
--30596-- REDIR: 0x7636910 (libc.so.6:putenv) redirected to 0x4c32520 (putenv)
--30596-- REDIR: 0x7683c80 (libc.so.6:strnlen) redirected to 0x4c2e080 (strnlen)
--30596-- Reading syms from /usr/local/MATLAB/R2015a/sys/os/glnxa64/libiomp5.so
--30596-- REDIR: 0x768dc90 (libc.so.6:strcasestr) redirected to 0x4a25720 (_vgnU_ifunc_wrapper)
--30596-- REDIR: 0x76869d0 (libc.so.6:strstr) redirected to 0x4a25720 (_vgnU_ifunc_wrapper)
--30596-- REDIR: 0x7685780 (libc.so.6:strncpy) redirected to 0x4a25720 (_vgnU_ifunc_wrapper)
==30596== Invalid read of size 16
==30596==    at 0x1BF7746C: __intel_sse2_strrchr (in /usr/local/MATLAB/R2015a/sys/os/glnxa64/libiomp5.so)
==30596==    by 0x1BF58165: __kmp::init_dl_data() (in /usr/local/MATLAB/R2015a/sys/os/glnxa64/libiomp5.so)
==30596==    by 0x1BF5809A: __sti__$E (in /usr/local/MATLAB/R2015a/sys/os/glnxa64/libiomp5.so)
==30596==    by 0x1BF81D35: ??? (in /usr/local/MATLAB/R2015a/sys/os/glnxa64/libiomp5.so)
==30596==    by 0x1BEE9B22: ??? (in /usr/local/MATLAB/R2015a/sys/os/glnxa64/libiomp5.so)
==30596==    by 0x1BEDB637: ??? (in /usr/local/MATLAB/R2015a/sys/os/glnxa64/libiomp5.so)
==30596==    by 0x40100FC: call_init.part.0 (dl-init.c:64)
==30596==    by 0x4010222: call_init (dl-init.c:36)
==30596==    by 0x4010222: _dl_init (dl-init.c:126)
==30596==    by 0x4014C6F: dl_open_worker (dl-open.c:577)
==30596==    by 0x400FFF3: _dl_catch_error (dl-error.c:187)
==30596==    by 0x40143BA: _dl_open (dl-open.c:661)
==30596==    by 0x847002A: dlopen_doit (dlopen.c:66)
==30596==  Address 0x1b6e4d90 is 64 bytes inside a block of size 70 alloc'd
==30596==    at 0x4C2AB80: malloc (in /usr/lib/valgrind/vgpreload_memcheck-amd64-linux.so)
==30596==    by 0x400630D: open_path (dl-load.c:2271)
==30596==    by 0x40092ED: _dl_map_object (dl-load.c:2423)
==30596==    by 0x4014A53: dl_open_worker (dl-open.c:235)
==30596==    by 0x400FFF3: _dl_catch_error (dl-error.c:187)
==30596==    by 0x40143BA: _dl_open (dl-open.c:661)
==30596==    by 0x847002A: dlopen_doit (dlopen.c:66)
==30596==    by 0x400FFF3: _dl_catch_error (dl-error.c:187)
==30596==    by 0x847062C: _dlerror_run (dlerror.c:163)
==30596==    by 0x84700C0: dlopen@@GLIBC_2.2.5 (dlopen.c:87)
==30596==    by 0x4E82469: ??? (in /usr/local/MATLAB/R2015a/bin/glnxa64/libut.so)
==30596==    by 0x1B1EC40C: ompwrapper::init() (in /usr/local/MATLAB/R2015a/bin/glnxa64/libmwompwrapper.so)
==30596== 
--30596-- REDIR: 0x76981c0 (libc.so.6:__strncpy_sse2_unaligned) redirected to 0x4c2e770 (__strncpy_sse2_unaligned)
--30596-- REDIR: 0xffffffffff600000 (???:???) redirected to 0x38076493 (???)
==30596== 
==30596== Process terminating with default action of signal 1 (SIGHUP)
==30596==    at 0x4C2F300: strcmp (in /usr/lib/valgrind/vgpreload_memcheck-amd64-linux.so)
==30596==    by 0x4009DC8: check_match.9458 (dl-lookup.c:149)
==30596==    by 0x400A677: do_lookup_x (dl-lookup.c:271)
==30596==    by 0x400A990: _dl_lookup_symbol_x (dl-lookup.c:737)
==30596==    by 0x400F556: _dl_fixup (dl-runtime.c:111)
==30596==    by 0x4016514: _dl_runtime_resolve (dl-trampoline.S:45)
==30596==    by 0xBF6C64F: boost::basic_regex<char, boost::regex_traits<char, boost::cpp_regex_traits<char> > >::do_assign(char const*, char const*, unsigned int) (in /usr/local/MATLAB/R2015a/bin/glnxa64/libboost_regex.so.1.49.0)
==30596==    by 0x133ABD95: boost::basic_regex<char, boost::regex_traits<char, boost::cpp_regex_traits<char> > >::basic_regex(char const*, unsigned int) (in /usr/local/MATLAB/R2015a/bin/glnxa64/libmwm_interpreter.so)
==30596==    by 0x133399CE: ??? (in /usr/local/MATLAB/R2015a/bin/glnxa64/libmwm_interpreter.so)
==30596==    by 0x13714575: ??? (in /usr/local/MATLAB/R2015a/bin/glnxa64/libmwm_interpreter.so)
==30596==    by 0x133253FA: ??? (in /usr/local/MATLAB/R2015a/bin/glnxa64/libmwm_interpreter.so)
==30596==    by 0x5: ???
==30596== 
==30596== HEAP SUMMARY:
==30596==     in use at exit: 1,559,567 bytes in 16,977 blocks
==30596==   total heap usage: 21,715 allocs, 4,738 frees, 2,250,977 bytes allocated
==30596== 
==30596== Searching for pointers to 16,977 not-freed blocks
==30596== Checked 13,947,064 bytes
==30596== 
==30596== LEAK SUMMARY:
==30596==    definitely lost: 0 bytes in 0 blocks
==30596==    indirectly lost: 0 bytes in 0 blocks
==30596==      possibly lost: 716,016 bytes in 13,445 blocks
==30596==    still reachable: 843,551 bytes in 3,532 blocks
==30596==         suppressed: 0 bytes in 0 blocks
==30596== Rerun with --leak-check=full to see details of leaked memory
==30596== 
==30596== ERROR SUMMARY: 1 errors from 1 contexts (suppressed: 0 from 0)
==30596== 
==30596== 1 errors in context 1 of 1:
==30596== Invalid read of size 16
==30596==    at 0x1BF7746C: __intel_sse2_strrchr (in /usr/local/MATLAB/R2015a/sys/os/glnxa64/libiomp5.so)
==30596==    by 0x1BF58165: __kmp::init_dl_data() (in /usr/local/MATLAB/R2015a/sys/os/glnxa64/libiomp5.so)
==30596==    by 0x1BF5809A: __sti__$E (in /usr/local/MATLAB/R2015a/sys/os/glnxa64/libiomp5.so)
==30596==    by 0x1BF81D35: ??? (in /usr/local/MATLAB/R2015a/sys/os/glnxa64/libiomp5.so)
==30596==    by 0x1BEE9B22: ??? (in /usr/local/MATLAB/R2015a/sys/os/glnxa64/libiomp5.so)
==30596==    by 0x1BEDB637: ??? (in /usr/local/MATLAB/R2015a/sys/os/glnxa64/libiomp5.so)
==30596==    by 0x40100FC: call_init.part.0 (dl-init.c:64)
==30596==    by 0x4010222: call_init (dl-init.c:36)
==30596==    by 0x4010222: _dl_init (dl-init.c:126)
==30596==    by 0x4014C6F: dl_open_worker (dl-open.c:577)
==30596==    by 0x400FFF3: _dl_catch_error (dl-error.c:187)
==30596==    by 0x40143BA: _dl_open (dl-open.c:661)
==30596==    by 0x847002A: dlopen_doit (dlopen.c:66)
==30596==  Address 0x1b6e4d90 is 64 bytes inside a block of size 70 alloc'd
==30596==    at 0x4C2AB80: malloc (in /usr/lib/valgrind/vgpreload_memcheck-amd64-linux.so)
==30596==    by 0x400630D: open_path (dl-load.c:2271)
==30596==    by 0x40092ED: _dl_map_object (dl-load.c:2423)
==30596==    by 0x4014A53: dl_open_worker (dl-open.c:235)
==30596==    by 0x400FFF3: _dl_catch_error (dl-error.c:187)
==30596==    by 0x40143BA: _dl_open (dl-open.c:661)
==30596==    by 0x847002A: dlopen_doit (dlopen.c:66)
==30596==    by 0x400FFF3: _dl_catch_error (dl-error.c:187)
==30596==    by 0x847062C: _dlerror_run (dlerror.c:163)
==30596==    by 0x84700C0: dlopen@@GLIBC_2.2.5 (dlopen.c:87)
==30596==    by 0x4E82469: ??? (in /usr/local/MATLAB/R2015a/bin/glnxa64/libut.so)
==30596==    by 0x1B1EC40C: ompwrapper::init() (in /usr/local/MATLAB/R2015a/bin/glnxa64/libmwompwrapper.so)
==30596== 
==30596== ERROR SUMMARY: 1 errors from 1 contexts (suppressed: 0 from 0)
